-------------------------------------------------------------------------------
Test set: ng.com.bitsystems.slowcodepetclinic.tests.SlowcodePetClinicApplicationTests
-------------------------------------------------------------------------------
Tests run: 1, Failures: 0, Errors: 1, Skipped: 0, Time elapsed: 28.223 s <<< FAILURE! - in ng.com.bitsystems.slowcodepetclinic.tests.SlowcodePetClinicApplicationTests
contextLoads  Time elapsed: 0.001 s  <<< ERROR!
java.lang.NoSuchMethodError: ng.com.bitsystems.slowcodepetclinic.model.Pet: method <init>()V not found

